CRITICAL - 2022-04-17 22:16:02 --> Invalid file: include/error.php
#0 C:\ukkidel\system\View\View.php(198): CodeIgniter\Exceptions\FrameworkException::forInvalidFile('include/error.p...')
#1 C:\ukkidel\system\View\View.php(424): CodeIgniter\View\View->render('include/error', NULL, true)
#2 C:\ukkidel\app\Views\login.php(6): CodeIgniter\View\View->include('include/error')
#3 C:\ukkidel\system\View\View.php(210): include('C:\\ukkidel\\app\\...')
#4 C:\ukkidel\system\View\View.php(213): CodeIgniter\View\View->CodeIgniter\View\{closure}()
#5 C:\ukkidel\system\Common.php(1089): CodeIgniter\View\View->render('Login', Array, true)
#6 C:\ukkidel\app\Controllers\Login.php(9): view('Login')
#7 C:\ukkidel\system\CodeIgniter.php(832): App\Controllers\Login->index()
#8 C:\ukkidel\system\CodeIgniter.php(419): CodeIgniter\CodeIgniter->runController(Object(App\Controllers\Login))
#9 C:\ukkidel\system\CodeIgniter.php(326): CodeIgniter\CodeIgniter->handleRequest(NULL, Object(Config\Cache), false)
#10 C:\ukkidel\public\index.php(37): CodeIgniter\CodeIgniter->run()
#11 C:\ukkidel\system\Commands\Server\rewrite.php(43): require_once('C:\\ukkidel\\publ...')
#12 {main}
CRITICAL - 2022-04-17 22:22:53 --> Invalid file: include/error.php
#0 C:\ukkidel\system\View\View.php(198): CodeIgniter\Exceptions\FrameworkException::forInvalidFile('include/error.p...')
#1 C:\ukkidel\system\View\View.php(424): CodeIgniter\View\View->render('include/error', NULL, true)
#2 C:\ukkidel\app\Views\register.php(6): CodeIgniter\View\View->include('include/error')
#3 C:\ukkidel\system\View\View.php(210): include('C:\\ukkidel\\app\\...')
#4 C:\ukkidel\system\View\View.php(213): CodeIgniter\View\View->CodeIgniter\View\{closure}()
#5 C:\ukkidel\system\Common.php(1089): CodeIgniter\View\View->render('register', Array, true)
#6 C:\ukkidel\app\Controllers\Register.php(9): view('register')
#7 C:\ukkidel\system\CodeIgniter.php(832): App\Controllers\Register->index()
#8 C:\ukkidel\system\CodeIgniter.php(419): CodeIgniter\CodeIgniter->runController(Object(App\Controllers\Register))
#9 C:\ukkidel\system\CodeIgniter.php(326): CodeIgniter\CodeIgniter->handleRequest(NULL, Object(Config\Cache), false)
#10 C:\ukkidel\public\index.php(37): CodeIgniter\CodeIgniter->run()
#11 C:\ukkidel\system\Commands\Server\rewrite.php(43): require_once('C:\\ukkidel\\publ...')
#12 {main}
CRITICAL - 2022-04-17 22:25:10 --> Invalid file: include/error.php
#0 C:\ukkidel\system\View\View.php(198): CodeIgniter\Exceptions\FrameworkException::forInvalidFile('include/error.p...')
#1 C:\ukkidel\system\View\View.php(424): CodeIgniter\View\View->render('include/error', NULL, true)
#2 C:\ukkidel\app\Views\register.php(6): CodeIgniter\View\View->include('include/error')
#3 C:\ukkidel\system\View\View.php(210): include('C:\\ukkidel\\app\\...')
#4 C:\ukkidel\system\View\View.php(213): CodeIgniter\View\View->CodeIgniter\View\{closure}()
#5 C:\ukkidel\system\Common.php(1089): CodeIgniter\View\View->render('register', Array, true)
#6 C:\ukkidel\app\Controllers\Register.php(9): view('register')
#7 C:\ukkidel\system\CodeIgniter.php(832): App\Controllers\Register->index()
#8 C:\ukkidel\system\CodeIgniter.php(419): CodeIgniter\CodeIgniter->runController(Object(App\Controllers\Register))
#9 C:\ukkidel\system\CodeIgniter.php(326): CodeIgniter\CodeIgniter->handleRequest(NULL, Object(Config\Cache), false)
#10 C:\ukkidel\public\index.php(37): CodeIgniter\CodeIgniter->run()
#11 C:\ukkidel\system\Commands\Server\rewrite.php(43): require_once('C:\\ukkidel\\publ...')
#12 {main}
CRITICAL - 2022-04-17 22:35:26 --> Invalid file: include/error.php
#0 C:\ukkidel\system\View\View.php(198): CodeIgniter\Exceptions\FrameworkException::forInvalidFile('include/error.p...')
#1 C:\ukkidel\system\View\View.php(424): CodeIgniter\View\View->render('include/error', NULL, true)
#2 C:\ukkidel\app\Views\login.php(6): CodeIgniter\View\View->include('include/error')
#3 C:\ukkidel\system\View\View.php(210): include('C:\\ukkidel\\app\\...')
#4 C:\ukkidel\system\View\View.php(213): CodeIgniter\View\View->CodeIgniter\View\{closure}()
#5 C:\ukkidel\system\Common.php(1089): CodeIgniter\View\View->render('Login', Array, true)
#6 C:\ukkidel\app\Controllers\Login.php(9): view('Login')
#7 C:\ukkidel\system\CodeIgniter.php(832): App\Controllers\Login->index()
#8 C:\ukkidel\system\CodeIgniter.php(419): CodeIgniter\CodeIgniter->runController(Object(App\Controllers\Login))
#9 C:\ukkidel\system\CodeIgniter.php(326): CodeIgniter\CodeIgniter->handleRequest(NULL, Object(Config\Cache), false)
#10 C:\ukkidel\public\index.php(37): CodeIgniter\CodeIgniter->run()
#11 C:\ukkidel\system\Commands\Server\rewrite.php(43): require_once('C:\\ukkidel\\publ...')
#12 {main}
CRITICAL - 2022-04-17 22:36:37 --> Invalid file: include/error.php
#0 C:\ukkidel\system\View\View.php(198): CodeIgniter\Exceptions\FrameworkException::forInvalidFile('include/error.p...')
#1 C:\ukkidel\system\View\View.php(424): CodeIgniter\View\View->render('include/error', NULL, true)
#2 C:\ukkidel\app\Views\register.php(6): CodeIgniter\View\View->include('include/error')
#3 C:\ukkidel\system\View\View.php(210): include('C:\\ukkidel\\app\\...')
#4 C:\ukkidel\system\View\View.php(213): CodeIgniter\View\View->CodeIgniter\View\{closure}()
#5 C:\ukkidel\system\Common.php(1089): CodeIgniter\View\View->render('register', Array, true)
#6 C:\ukkidel\app\Controllers\Register.php(9): view('register')
#7 C:\ukkidel\system\CodeIgniter.php(832): App\Controllers\Register->index()
#8 C:\ukkidel\system\CodeIgniter.php(419): CodeIgniter\CodeIgniter->runController(Object(App\Controllers\Register))
#9 C:\ukkidel\system\CodeIgniter.php(326): CodeIgniter\CodeIgniter->handleRequest(NULL, Object(Config\Cache), false)
#10 C:\ukkidel\public\index.php(37): CodeIgniter\CodeIgniter->run()
#11 C:\ukkidel\system\Commands\Server\rewrite.php(43): require_once('C:\\ukkidel\\publ...')
#12 {main}
CRITICAL - 2022-04-17 22:38:07 --> Invalid file: include/error.php
#0 C:\ukkidel\system\View\View.php(198): CodeIgniter\Exceptions\FrameworkException::forInvalidFile('include/error.p...')
#1 C:\ukkidel\system\View\View.php(424): CodeIgniter\View\View->render('include/error', NULL, true)
#2 C:\ukkidel\app\Views\register.php(6): CodeIgniter\View\View->include('include/error')
#3 C:\ukkidel\system\View\View.php(210): include('C:\\ukkidel\\app\\...')
#4 C:\ukkidel\system\View\View.php(213): CodeIgniter\View\View->CodeIgniter\View\{closure}()
#5 C:\ukkidel\system\Common.php(1089): CodeIgniter\View\View->render('register', Array, true)
#6 C:\ukkidel\app\Controllers\Register.php(9): view('register')
#7 C:\ukkidel\system\CodeIgniter.php(832): App\Controllers\Register->index()
#8 C:\ukkidel\system\CodeIgniter.php(419): CodeIgniter\CodeIgniter->runController(Object(App\Controllers\Register))
#9 C:\ukkidel\system\CodeIgniter.php(326): CodeIgniter\CodeIgniter->handleRequest(NULL, Object(Config\Cache), false)
#10 C:\ukkidel\public\index.php(37): CodeIgniter\CodeIgniter->run()
#11 C:\ukkidel\system\Commands\Server\rewrite.php(43): require_once('C:\\ukkidel\\publ...')
#12 {main}
CRITICAL - 2022-04-17 22:38:08 --> Invalid file: include/error.php
#0 C:\ukkidel\system\View\View.php(198): CodeIgniter\Exceptions\FrameworkException::forInvalidFile('include/error.p...')
#1 C:\ukkidel\system\View\View.php(424): CodeIgniter\View\View->render('include/error', NULL, true)
#2 C:\ukkidel\app\Views\login.php(6): CodeIgniter\View\View->include('include/error')
#3 C:\ukkidel\system\View\View.php(210): include('C:\\ukkidel\\app\\...')
#4 C:\ukkidel\system\View\View.php(213): CodeIgniter\View\View->CodeIgniter\View\{closure}()
#5 C:\ukkidel\system\Common.php(1089): CodeIgniter\View\View->render('Login', Array, true)
#6 C:\ukkidel\app\Controllers\Login.php(9): view('Login')
#7 C:\ukkidel\system\CodeIgniter.php(832): App\Controllers\Login->index()
#8 C:\ukkidel\system\CodeIgniter.php(419): CodeIgniter\CodeIgniter->runController(Object(App\Controllers\Login))
#9 C:\ukkidel\system\CodeIgniter.php(326): CodeIgniter\CodeIgniter->handleRequest(NULL, Object(Config\Cache), false)
#10 C:\ukkidel\public\index.php(37): CodeIgniter\CodeIgniter->run()
#11 C:\ukkidel\system\Commands\Server\rewrite.php(43): require_once('C:\\ukkidel\\publ...')
#12 {main}
CRITICAL - 2022-04-17 22:38:09 --> Invalid file: include/error.php
#0 C:\ukkidel\system\View\View.php(198): CodeIgniter\Exceptions\FrameworkException::forInvalidFile('include/error.p...')
#1 C:\ukkidel\system\View\View.php(424): CodeIgniter\View\View->render('include/error', NULL, true)
#2 C:\ukkidel\app\Views\login.php(6): CodeIgniter\View\View->include('include/error')
#3 C:\ukkidel\system\View\View.php(210): include('C:\\ukkidel\\app\\...')
#4 C:\ukkidel\system\View\View.php(213): CodeIgniter\View\View->CodeIgniter\View\{closure}()
#5 C:\ukkidel\system\Common.php(1089): CodeIgniter\View\View->render('Login', Array, true)
#6 C:\ukkidel\app\Controllers\Login.php(9): view('Login')
#7 C:\ukkidel\system\CodeIgniter.php(832): App\Controllers\Login->index()
#8 C:\ukkidel\system\CodeIgniter.php(419): CodeIgniter\CodeIgniter->runController(Object(App\Controllers\Login))
#9 C:\ukkidel\system\CodeIgniter.php(326): CodeIgniter\CodeIgniter->handleRequest(NULL, Object(Config\Cache), false)
#10 C:\ukkidel\public\index.php(37): CodeIgniter\CodeIgniter->run()
#11 C:\ukkidel\system\Commands\Server\rewrite.php(43): require_once('C:\\ukkidel\\publ...')
#12 {main}
CRITICAL - 2022-04-17 22:39:12 --> Invalid file: include/error.php
#0 C:\ukkidel\system\View\View.php(198): CodeIgniter\Exceptions\FrameworkException::forInvalidFile('include/error.p...')
#1 C:\ukkidel\system\View\View.php(424): CodeIgniter\View\View->render('include/error', NULL, true)
#2 C:\ukkidel\app\Views\login.php(6): CodeIgniter\View\View->include('include/error')
#3 C:\ukkidel\system\View\View.php(210): include('C:\\ukkidel\\app\\...')
#4 C:\ukkidel\system\View\View.php(213): CodeIgniter\View\View->CodeIgniter\View\{closure}()
#5 C:\ukkidel\system\Common.php(1089): CodeIgniter\View\View->render('login', Array, true)
#6 C:\ukkidel\app\Controllers\Login.php(9): view('login')
#7 C:\ukkidel\system\CodeIgniter.php(832): App\Controllers\Login->index()
#8 C:\ukkidel\system\CodeIgniter.php(419): CodeIgniter\CodeIgniter->runController(Object(App\Controllers\Login))
#9 C:\ukkidel\system\CodeIgniter.php(326): CodeIgniter\CodeIgniter->handleRequest(NULL, Object(Config\Cache), false)
#10 C:\ukkidel\public\index.php(37): CodeIgniter\CodeIgniter->run()
#11 C:\ukkidel\system\Commands\Server\rewrite.php(43): require_once('C:\\ukkidel\\publ...')
#12 {main}
CRITICAL - 2022-04-17 22:39:37 --> Invalid file: include/error.php
#0 C:\ukkidel\system\View\View.php(198): CodeIgniter\Exceptions\FrameworkException::forInvalidFile('include/error.p...')
#1 C:\ukkidel\system\View\View.php(424): CodeIgniter\View\View->render('include/error', NULL, true)
#2 C:\ukkidel\app\Views\login.php(6): CodeIgniter\View\View->include('include/error')
#3 C:\ukkidel\system\View\View.php(210): include('C:\\ukkidel\\app\\...')
#4 C:\ukkidel\system\View\View.php(213): CodeIgniter\View\View->CodeIgniter\View\{closure}()
#5 C:\ukkidel\system\Common.php(1089): CodeIgniter\View\View->render('login', Array, true)
#6 C:\ukkidel\app\Controllers\Login.php(9): view('login')
#7 C:\ukkidel\system\CodeIgniter.php(832): App\Controllers\Login->index()
#8 C:\ukkidel\system\CodeIgniter.php(419): CodeIgniter\CodeIgniter->runController(Object(App\Controllers\Login))
#9 C:\ukkidel\system\CodeIgniter.php(326): CodeIgniter\CodeIgniter->handleRequest(NULL, Object(Config\Cache), false)
#10 C:\ukkidel\public\index.php(37): CodeIgniter\CodeIgniter->run()
#11 C:\ukkidel\system\Commands\Server\rewrite.php(43): require_once('C:\\ukkidel\\publ...')
#12 {main}
CRITICAL - 2022-04-17 22:42:53 --> Call to undefined method App\Controllers\Auth::getCsvData()
#0 C:\ukkidel\system\CodeIgniter.php(832): App\Controllers\Auth->login()
#1 C:\ukkidel\system\CodeIgniter.php(419): CodeIgniter\CodeIgniter->runController(Object(App\Controllers\Auth))
#2 C:\ukkidel\system\CodeIgniter.php(326): CodeIgniter\CodeIgniter->handleRequest(NULL, Object(Config\Cache), false)
#3 C:\ukkidel\public\index.php(37): CodeIgniter\CodeIgniter->run()
#4 C:\ukkidel\system\Commands\Server\rewrite.php(43): require_once('C:\\ukkidel\\publ...')
#5 {main}
CRITICAL - 2022-04-17 22:43:10 --> Call to undefined method App\Controllers\Auth::getCsvData()
#0 C:\ukkidel\system\CodeIgniter.php(832): App\Controllers\Auth->login()
#1 C:\ukkidel\system\CodeIgniter.php(419): CodeIgniter\CodeIgniter->runController(Object(App\Controllers\Auth))
#2 C:\ukkidel\system\CodeIgniter.php(326): CodeIgniter\CodeIgniter->handleRequest(NULL, Object(Config\Cache), false)
#3 C:\ukkidel\public\index.php(37): CodeIgniter\CodeIgniter->run()
#4 C:\ukkidel\system\Commands\Server\rewrite.php(43): require_once('C:\\ukkidel\\publ...')
#5 {main}
CRITICAL - 2022-04-17 22:52:27 --> Undefined array key "password"
#0 C:\ukkidel\app\Controllers\Auth.php(15): CodeIgniter\Debug\Exceptions->errorHandler(2, 'Undefined array...', 'C:\\ukkidel\\app\\...', 15)
#1 C:\ukkidel\system\CodeIgniter.php(832): App\Controllers\Auth->login()
#2 C:\ukkidel\system\CodeIgniter.php(419): CodeIgniter\CodeIgniter->runController(Object(App\Controllers\Auth))
#3 C:\ukkidel\system\CodeIgniter.php(326): CodeIgniter\CodeIgniter->handleRequest(NULL, Object(Config\Cache), false)
#4 C:\ukkidel\public\index.php(37): CodeIgniter\CodeIgniter->run()
#5 C:\ukkidel\system\Commands\Server\rewrite.php(43): require_once('C:\\ukkidel\\publ...')
#6 {main}
CRITICAL - 2022-04-17 22:53:15 --> Undefined array key "password"
#0 C:\ukkidel\app\Controllers\Auth.php(15): CodeIgniter\Debug\Exceptions->errorHandler(2, 'Undefined array...', 'C:\\ukkidel\\app\\...', 15)
#1 C:\ukkidel\system\CodeIgniter.php(832): App\Controllers\Auth->login()
#2 C:\ukkidel\system\CodeIgniter.php(419): CodeIgniter\CodeIgniter->runController(Object(App\Controllers\Auth))
#3 C:\ukkidel\system\CodeIgniter.php(326): CodeIgniter\CodeIgniter->handleRequest(NULL, Object(Config\Cache), false)
#4 C:\ukkidel\public\index.php(37): CodeIgniter\CodeIgniter->run()
#5 C:\ukkidel\system\Commands\Server\rewrite.php(43): require_once('C:\\ukkidel\\publ...')
#6 {main}
CRITICAL - 2022-04-17 22:54:31 --> Undefined array key "password"
#0 C:\ukkidel\app\Controllers\Auth.php(15): CodeIgniter\Debug\Exceptions->errorHandler(2, 'Undefined array...', 'C:\\ukkidel\\app\\...', 15)
#1 C:\ukkidel\system\CodeIgniter.php(832): App\Controllers\Auth->login()
#2 C:\ukkidel\system\CodeIgniter.php(419): CodeIgniter\CodeIgniter->runController(Object(App\Controllers\Auth))
#3 C:\ukkidel\system\CodeIgniter.php(326): CodeIgniter\CodeIgniter->handleRequest(NULL, Object(Config\Cache), false)
#4 C:\ukkidel\public\index.php(37): CodeIgniter\CodeIgniter->run()
#5 C:\ukkidel\system\Commands\Server\rewrite.php(43): require_once('C:\\ukkidel\\publ...')
#6 {main}
CRITICAL - 2022-04-17 22:56:10 --> Invalid file: dashboard.php
#0 C:\ukkidel\system\View\View.php(198): CodeIgniter\Exceptions\FrameworkException::forInvalidFile('dashboard.php')
#1 C:\ukkidel\system\Common.php(1089): CodeIgniter\View\View->render('dashboard', Array, true)
#2 C:\ukkidel\app\Controllers\Home.php(15): view('dashboard', Array)
#3 C:\ukkidel\system\CodeIgniter.php(832): App\Controllers\Home->index()
#4 C:\ukkidel\system\CodeIgniter.php(419): CodeIgniter\CodeIgniter->runController(Object(App\Controllers\Home))
#5 C:\ukkidel\system\CodeIgniter.php(326): CodeIgniter\CodeIgniter->handleRequest(NULL, Object(Config\Cache), false)
#6 C:\ukkidel\public\index.php(37): CodeIgniter\CodeIgniter->run()
#7 C:\ukkidel\system\Commands\Server\rewrite.php(43): require_once('C:\\ukkidel\\publ...')
#8 {main}
